<?xml version="1.0" encoding="UTF-8"?>
<testsuite name="Login Test"
           tests="2"
           failures="0"
           errors="0"
           skipped="0"
           time="11.118">
  <properties />
  
  
            <testcase name="userShouldNavigateToLoginPageSuccessfully" time="4.266" classname="com.ultimateqa.cources.testsuite.LoginPageTest" />
                <testcase name="verifyTheErrorMessage" time="6.852" classname="com.ultimateqa.cources.testsuite.LoginPageTest" />
      
</testsuite>
